# Phase 2 per-file diff resolutions. One row per file: path<TAB>choice<TAB>reason
agents/deep-explore.md	Y	yamless default per owner decision
commands/commit.md	Y	yamless default per owner decision
commands/review-and-commit.md	Y	yamless default per owner decision
hooks/docs/session-start.md	Y	yamless default per owner decision
hooks/docs/vector-helper-recall.md	Y	yamless default per owner decision
hooks/docs/vector-helper-save.md	Y	yamless default per owner decision
hooks/post-tools/modules/gate-status.sh	M	R base + grafted Y rust/wrapper regex (yamless name generalized)
hooks/post-tools/modules/ts-quality.sh	R	routo chosen for capability (per owner)
hooks/pre-compact.sh	Y	yamless default per owner decision
hooks/pre-tools/modules/bash-commands.sh	Y	yamless default per owner decision
hooks/pre-tools/modules/code-edit-rules.sh	Y	yamless default per owner decision
hooks/pre-tools/modules/commit-gate.sh	Y	yamless default per owner decision
hooks/pre-tools/modules/protected-files.sh	Y	yamless default per owner decision
hooks/pre-tools/modules/quality-gate.sh	R	routo chosen for capability (per owner)
hooks/pre-tools/modules/search-nudge.sh	Y	yamless default per owner decision
hooks/session-end.sh	Y	yamless default per owner decision
hooks/session-start.sh	Y	yamless default per owner decision
hooks/user-prompt-submit.sh	Y	yamless default per owner decision
settings.json	M	stashed raw for fragment extraction (Phase 5)
skills/code-intel/scripts/mod.sh	Y	yamless default per owner decision
skills/code-intel/scripts/modules/engram.sh	M	R filter logic + agnostic project detect
